$ ruby make_grib_file_list.rb > tor_neighborhoods_only_plus_6hr_model/train.txt
Start year?
2014
Start month?
2
Start day?
26
End year?
2016
End month?
12
End day?
31
Forcast hour (2-18)?
6
Only hours with tornadoes (n/y)?
y
Dev ratio [0.0-1.0]?
0
Test ratio [0.0-1.0]?
0
Subsample ratio [0.0-1.0]? (non-deterministic)
1.0
1658/1658 hours with tornadoes

(need to manually remove headers)

$ ruby make_grib_file_list.rb
Start year?
2017
Start month?
1
Start day?
1
End year?
2017
End month?
12
End day?
31
Forcast hour (2-18)?
6
Only hours with tornadoes (n/y)?
y
Dev ratio [0.0-1.0]?
0.25
Test ratio [0.0-1.0]?
0.25
Subsample ratio [0.0-1.0]? (non-deterministic)
1.0

$ ruby make_grib_file_list.rb
Start year?
2017
Start month?
1
Start day?
1
End year?
2017
End month?
12
End day?
31
Forcast hour (2-18)?
6
Only hours with tornadoes (n/y)?
y
Dev ratio [0.0-1.0]?
0.25
Test ratio [0.0-1.0]?
0.25
Subsample ratio [0.0-1.0]? (non-deterministic)
1.0
# Dev Files
...

# Test Files
...

# Training Files
...

685/685 hours with tornadoes


(make dev.txt/test.txt files manually)
(add training files manually)

So training is 2014-2-26 through 2016 and half the tornado days in 2017.

# julia MakeTornadoNeighborhoodsData.jl tor_neighborhoods_only_plus_6hr_761_feature_model/dev.txt


# julia MakeTornadoNeighborhoodsData.jl tor_neighborhoods_only_plus_6hr_761_feature_model/train.txt


# julia TrainGBM.jl tor_neighborhoods_only_plus_6hr_761_feature_model/lightgbm.jl # LightGBM doesn't need the points shuffled
